  Source processor
    Parsing D:\C4D_MMD_Tool\sdk_2023\frameworks\geom.framework\source\maxon\convexdecomposition\convexdecomposition.h...
    Parsing D:\C4D_MMD_Tool\sdk_2023\frameworks\geom.framework\source\maxon\delaunay3d.h...
    Parsing D:\C4D_MMD_Tool\sdk_2023\frameworks\geom.framework\source\maxon\graphbase.h...
    Parsing D:\C4D_MMD_Tool\sdk_2023\frameworks\geom.framework\source\maxon\tetrahedron.h...
    Parsing D:\C4D_MMD_Tool\sdk_2023\frameworks\geom.framework\source\maxon\interpolation.cpp...
    Parsing D:\C4D_MMD_Tool\sdk_2023\frameworks\geom.framework\source\maxon\interpolation.h...
    Parsing D:\C4D_MMD_Tool\sdk_2023\frameworks\geom.framework\source\maxon\simplemesh.cpp...
    Parsing D:\C4D_MMD_Tool\sdk_2023\frameworks\geom.framework\source\maxon\simplemesh.h...
    Parsing D:\C4D_MMD_Tool\sdk_2023\frameworks\geom.framework\source\maxon\tetrahedron.cpp...
    Parsing D:\C4D_MMD_Tool\sdk_2023\frameworks\geom.framework\source\maxon\voronoi3d.h...
    Parsing D:\C4D_MMD_Tool\sdk_2023\frameworks\geom.framework\source\maxon\celldata.cpp...
    Parsing D:\C4D_MMD_Tool\sdk_2023\frameworks\geom.framework\source\maxon\celldata.h...
    Parsing D:\C4D_MMD_Tool\sdk_2023\frameworks\geom.framework\source\maxon\convexdecomposition\convexdecomposition_attributes.h...
    Parsing D:\C4D_MMD_Tool\sdk_2023\frameworks\geom.framework\source\maxon\convexhull.h...
    Parsing D:\C4D_MMD_Tool\sdk_2023\frameworks\geom.framework\source\maxon\exactpredicates2d.h...
    Parsing D:\C4D_MMD_Tool\sdk_2023\frameworks\geom.framework\source\maxon\geomconstants.h...
    Parsing D:\C4D_MMD_Tool\sdk_2023\frameworks\geom.framework\source\maxon\geometryutils.h...
    Parsing D:\C4D_MMD_Tool\sdk_2023\frameworks\geom.framework\source\maxon\celldata.h...
    Parsing D:\C4D_MMD_Tool\sdk_2023\frameworks\geom.framework\source\maxon\delaunay3d.h...
    Parsing D:\C4D_MMD_Tool\sdk_2023\frameworks\geom.framework\source\maxon\graphbase.h...
    Parsing D:\C4D_MMD_Tool\sdk_2023\frameworks\geom.framework\source\maxon\tetrahedron.h...
    Parsing D:\C4D_MMD_Tool\sdk_2023\frameworks\geom.framework\source\maxon\interpolation.cpp...
    Parsing D:\C4D_MMD_Tool\sdk_2023\frameworks\geom.framework\source\maxon\interpolation.h...
    Parsing D:\C4D_MMD_Tool\sdk_2023\frameworks\geom.framework\source\maxon\simplemesh.cpp...
    Parsing D:\C4D_MMD_Tool\sdk_2023\frameworks\geom.framework\source\maxon\simplemesh.h...
    Parsing D:\C4D_MMD_Tool\sdk_2023\frameworks\geom.framework\source\maxon\tetrahedron.cpp...
    Parsing D:\C4D_MMD_Tool\sdk_2023\frameworks\geom.framework\source\maxon\voronoi3d.h...
    Parsing D:\C4D_MMD_Tool\sdk_2023\frameworks\geom.framework\source\maxon\celldata.cpp...
    Parsing D:\C4D_MMD_Tool\sdk_2023\frameworks\geom.framework\source\maxon\convexdecomposition\convexdecomposition.h...
    Parsing D:\C4D_MMD_Tool\sdk_2023\frameworks\geom.framework\source\maxon\convexdecomposition\convexdecomposition_attributes.h...
    Parsing D:\C4D_MMD_Tool\sdk_2023\frameworks\geom.framework\source\maxon\convexhull.h...
    Parsing D:\C4D_MMD_Tool\sdk_2023\frameworks\geom.framework\source\maxon\exactpredicates2d.h...
    Parsing D:\C4D_MMD_Tool\sdk_2023\frameworks\geom.framework\source\maxon\geomconstants.h...
    Parsing D:\C4D_MMD_Tool\sdk_2023\frameworks\geom.framework\source\maxon\geometryutils.h...
  Loading generator module cppgenerator from ..\..\..\frameworks\settings\sourceprocessor\generators\cppgenerator.py...
  Loading generator module dumpgenerator from ..\..\..\frameworks\settings\sourceprocessor\generators\dumpgenerator.py...
  Loading generator module phgenerator from ..\..\..\frameworks\settings\sourceprocessor\generators\phgenerator.py...
  Loading generator module summarygenerator from ..\..\..\frameworks\settings\sourceprocessor\generators\summarygenerator.py...
  Looking for source files in D:\C4D_MMD_Tool\sdk_2023\frameworks\geom.framework...
  Summary information changed, redoing source file processing.
  Looking for source files in D:\C4D_MMD_Tool\sdk_2023\frameworks\geom.framework...
  register.cpp
  celldata.cpp
  interpolation.cpp
  simplemesh.cpp
  tetrahedron.cpp
  geom.framework.vcxproj -> D:\C4D_MMD_Tool\sdk_2023\plugins\project\_obj\geom.framework\x64_Debug\geom.framework_Debug_64bit.lib
