  Source processor
    Parsing D:\C4D_MMD_Tool\sdk_2023\frameworks\cinema.framework\source\c4d_baseeffectorplugin.cpp...
    Parsing D:\C4D_MMD_Tool\sdk_2023\frameworks\cinema.framework\source\c4d_baseeffectorplugin.h...
    Parsing D:\C4D_MMD_Tool\sdk_2023\frameworks\cinema.framework\source\c4d_baselist.cpp...
    Parsing D:\C4D_MMD_Tool\sdk_2023\frameworks\cinema.framework\source\c4d_basematerial.cpp...
    Parsing D:\C4D_MMD_Tool\sdk_2023\frameworks\cinema.framework\source\c4d_baseobject.cpp...
    Parsing D:\C4D_MMD_Tool\sdk_2023\frameworks\cinema.framework\source\c4d_baseplugin.cpp...
    Parsing D:\C4D_MMD_Tool\sdk_2023\frameworks\cinema.framework\source\c4d_baseselect.cpp...
    Parsing D:\C4D_MMD_Tool\sdk_2023\frameworks\cinema.framework\source\c4d_baseselect.h...
    Parsing D:\C4D_MMD_Tool\sdk_2023\frameworks\cinema.framework\source\c4d_basetime.h...
    Parsing D:\C4D_MMD_Tool\sdk_2023\frameworks\cinema.framework\source\c4d_commandplugin.cpp...
    Parsing D:\C4D_MMD_Tool\sdk_2023\frameworks\cinema.framework\source\c4d_ctrackdata.h...
    Parsing D:\C4D_MMD_Tool\sdk_2023\frameworks\cinema.framework\source\c4d_customgui\_unity1.cpp...
    Parsing D:\C4D_MMD_Tool\sdk_2023\frameworks\cinema.framework\source\c4d_customgui\customgui_base.cpp...
    Parsing D:\C4D_MMD_Tool\sdk_2023\frameworks\cinema.framework\source\c4d_customgui\customgui_bitmapbool.h...
    Parsing D:\C4D_MMD_Tool\sdk_2023\frameworks\cinema.framework\source\c4d_customgui\customgui_bitmapbutton.cpp...
    Parsing D:\C4D_MMD_Tool\sdk_2023\frameworks\cinema.framework\source\c4d_customgui\customgui_bitmapbutton.h...
    Parsing D:\C4D_MMD_Tool\sdk_2023\frameworks\cinema.framework\source\c4d_customgui\customgui_field.cpp...
    Parsing D:\C4D_MMD_Tool\sdk_2023\frameworks\cinema.framework\source\c4d_customgui\customgui_field.h...
    Parsing D:\C4D_MMD_Tool\sdk_2023\frameworks\cinema.framework\source\c4d_customgui\customgui_layerset.h...
    Parsing D:\C4D_MMD_Tool\sdk_2023\frameworks\cinema.framework\source\c4d_customgui\customgui_listview2.h...
    Parsing D:\C4D_MMD_Tool\sdk_2023\frameworks\cinema.framework\source\c4d_customgui\customgui_matassign.h...
    Parsing D:\C4D_MMD_Tool\sdk_2023\frameworks\cinema.framework\source\c4d_customgui\customgui_range.cpp...
    Parsing D:\C4D_MMD_Tool\sdk_2023\frameworks\cinema.framework\source\c4d_customgui\customgui_soundeffector.cpp...
    Parsing D:\C4D_MMD_Tool\sdk_2023\frameworks\cinema.framework\source\c4d_customgui\customgui_texbox.cpp...
    Parsing D:\C4D_MMD_Tool\sdk_2023\frameworks\cinema.framework\source\c4d_customgui\customgui_texbox.h...
    Parsing D:\C4D_MMD_Tool\sdk_2023\frameworks\cinema.framework\source\c4d_customgui\customgui_unitscale.cpp...
    Parsing D:\C4D_MMD_Tool\sdk_2023\frameworks\cinema.framework\source\c4d_customguidata.cpp...
    Parsing D:\C4D_MMD_Tool\sdk_2023\frameworks\cinema.framework\source\c4d_customguiplugin.cpp...
    Parsing D:\C4D_MMD_Tool\sdk_2023\frameworks\cinema.framework\source\c4d_customguiplugin.h...
    Parsing D:\C4D_MMD_Tool\sdk_2023\frameworks\cinema.framework\source\c4d_descriptiondialog.cpp...
    Parsing D:\C4D_MMD_Tool\sdk_2023\frameworks\cinema.framework\source\c4d_fielddata.cpp...
    Parsing D:\C4D_MMD_Tool\sdk_2023\frameworks\cinema.framework\source\c4d_general.h...
    Parsing D:\C4D_MMD_Tool\sdk_2023\frameworks\cinema.framework\source\c4d_libs\lib_instanceobject.h...
    Parsing D:\C4D_MMD_Tool\sdk_2023\frameworks\cinema.framework\source\c4d_libs\lib_ngon.h...
    Parsing D:\C4D_MMD_Tool\sdk_2023\frameworks\cinema.framework\source\c4d_libs\lib_splinehelp.cpp...
    Parsing D:\C4D_MMD_Tool\sdk_2023\frameworks\cinema.framework\source\c4d_libs\lib_viewport.cpp...
    Parsing D:\C4D_MMD_Tool\sdk_2023\frameworks\cinema.framework\source\c4d_libs\lib_zipfile.h...
    Parsing D:\C4D_MMD_Tool\sdk_2023\frameworks\cinema.framework\source\c4d_snapplugin.h...
    Parsing D:\C4D_MMD_Tool\sdk_2023\frameworks\cinema.framework\source\c4d_thread.h...
    Parsing D:\C4D_MMD_Tool\sdk_2023\frameworks\cinema.framework\source\matrix4.h...
    Parsing D:\C4D_MMD_Tool\sdk_2023\frameworks\cinema.framework\source\operatingsystem.cpp...
    Parsing D:\C4D_MMD_Tool\sdk_2023\frameworks\cinema.framework\source\vector4.h...
    Parsing D:\C4D_MMD_Tool\sdk_2023\frameworks\cinema.framework\source\x4d_colors.h...
    Parsing D:\C4D_MMD_Tool\sdk_2023\frameworks\cinema.framework\source\c4d_bitmapfilterstruct.h...
    Parsing D:\C4D_MMD_Tool\sdk_2023\frameworks\cinema.framework\source\c4d_commanddata.h...
    Parsing D:\C4D_MMD_Tool\sdk_2023\frameworks\cinema.framework\source\c4d_customdatatype.cpp...
    Parsing D:\C4D_MMD_Tool\sdk_2023\frameworks\cinema.framework\source\c4d_customdatatypeplugin.h...
    Parsing D:\C4D_MMD_Tool\sdk_2023\frameworks\cinema.framework\source\c4d_customgui\customgui_base.h...
    Parsing D:\C4D_MMD_Tool\sdk_2023\frameworks\cinema.framework\source\c4d_customgui\customgui_datetime.cpp...
    Parsing D:\C4D_MMD_Tool\sdk_2023\frameworks\cinema.framework\source\c4d_customgui\customgui_description.cpp...
    Parsing D:\C4D_MMD_Tool\sdk_2023\frameworks\cinema.framework\source\c4d_customgui\customgui_description.h...
    Parsing D:\C4D_MMD_Tool\sdk_2023\frameworks\cinema.framework\source\c4d_customgui\customgui_htmlviewer.h...
    Parsing D:\C4D_MMD_Tool\sdk_2023\frameworks\cinema.framework\source\c4d_customgui\customgui_inexclude.h...
    Parsing D:\C4D_MMD_Tool\sdk_2023\frameworks\cinema.framework\source\c4d_customgui\customgui_matpreview.cpp...
    Parsing D:\C4D_MMD_Tool\sdk_2023\frameworks\cinema.framework\source\c4d_customgui\customgui_pla.h...
    Parsing D:\C4D_MMD_Tool\sdk_2023\frameworks\cinema.framework\source\c4d_customgui\customgui_priority.cpp...
    Parsing D:\C4D_MMD_Tool\sdk_2023\frameworks\cinema.framework\source\c4d_customgui\customgui_quicktab.cpp...
    Parsing D:\C4D_MMD_Tool\sdk_2023\frameworks\cinema.framework\source\c4d_customgui\customgui_range.h...
    Parsing D:\C4D_MMD_Tool\sdk_2023\frameworks\cinema.framework\source\c4d_data_datatype.h...
    Parsing D:\C4D_MMD_Tool\sdk_2023\frameworks\cinema.framework\source\c4d_falloffdata.h...
    Parsing D:\C4D_MMD_Tool\sdk_2023\frameworks\cinema.framework\source\c4d_gui.h...
    Parsing D:\C4D_MMD_Tool\sdk_2023\frameworks\cinema.framework\source\c4d_scenehookplugin.cpp...
    Parsing D:\C4D_MMD_Tool\sdk_2023\frameworks\cinema.framework\source\c4d_shaderdata.h...
    Parsing D:\C4D_MMD_Tool\sdk_2023\frameworks\cinema.framework\source\c4d_uuid.h...
    Parsing D:\C4D_MMD_Tool\sdk_2023\frameworks\cinema.framework\source\ge_math.h...
    Parsing D:\C4D_MMD_Tool\sdk_2023\frameworks\cinema.framework\source\modelingids.h...
    Parsing D:\C4D_MMD_Tool\sdk_2023\frameworks\cinema.framework\source\c4d_basechannel.cpp...
    Parsing D:\C4D_MMD_Tool\sdk_2023\frameworks\cinema.framework\source\c4d_basechannel.h...
    Parsing D:\C4D_MMD_Tool\sdk_2023\frameworks\cinema.framework\source\c4d_basecontainer.cpp...
    Parsing D:\C4D_MMD_Tool\sdk_2023\frameworks\cinema.framework\source\c4d_basecontainer.h...
    Parsing D:\C4D_MMD_Tool\sdk_2023\frameworks\cinema.framework\source\c4d_basedocument.h...
    Parsing D:\C4D_MMD_Tool\sdk_2023\frameworks\cinema.framework\source\c4d_basesound.cpp...
    Parsing D:\C4D_MMD_Tool\sdk_2023\frameworks\cinema.framework\source\c4d_basesound.h...
    Parsing D:\C4D_MMD_Tool\sdk_2023\frameworks\cinema.framework\source\c4d_basetag.h...
    Parsing D:\C4D_MMD_Tool\sdk_2023\frameworks\cinema.framework\source\c4d_customgui\customgui_datetime.h...
    Parsing D:\C4D_MMD_Tool\sdk_2023\frameworks\cinema.framework\source\c4d_customgui\customgui_gradient.h...
    Parsing D:\C4D_MMD_Tool\sdk_2023\frameworks\cinema.framework\source\c4d_customgui\customgui_listview.h...
    Parsing D:\C4D_MMD_Tool\sdk_2023\frameworks\cinema.framework\source\c4d_gv\c4d_graphview_def.h...
    Parsing D:\C4D_MMD_Tool\sdk_2023\frameworks\cinema.framework\source\c4d_libs\lib_dwgobjects.h...
    Parsing D:\C4D_MMD_Tool\sdk_2023\frameworks\cinema.framework\source\c4d_libs\lib_modeling.h...
    Parsing D:\C4D_MMD_Tool\sdk_2023\frameworks\cinema.framework\source\c4d_objectplugin.h...
    Parsing D:\C4D_MMD_Tool\sdk_2023\frameworks\cinema.framework\source\c4d_particleobject.cpp...
    Parsing D:\C4D_MMD_Tool\sdk_2023\frameworks\cinema.framework\source\c4d_plugin.h...
    Parsing D:\C4D_MMD_Tool\sdk_2023\frameworks\cinema.framework\source\c4d_scenehookdata.h...
    Parsing D:\C4D_MMD_Tool\sdk_2023\frameworks\cinema.framework\source\c4d_videopost.cpp...
    Parsing D:\C4D_MMD_Tool\sdk_2023\frameworks\cinema.framework\source\c4d_videopostplugin.cpp...
    Parsing D:\C4D_MMD_Tool\sdk_2023\frameworks\cinema.framework\source\ge_ieee.cpp...
    Parsing D:\C4D_MMD_Tool\sdk_2023\frameworks\cinema.framework\source\ge_sys_math.h...
    Parsing D:\C4D_MMD_Tool\sdk_2023\frameworks\cinema.framework\source\osx_include.h...
    Parsing D:\C4D_MMD_Tool\sdk_2023\frameworks\cinema.framework\source\windows_include.h...
    Parsing D:\C4D_MMD_Tool\sdk_2023\frameworks\cinema.framework\source\x4d_macros.h...
    Parsing D:\C4D_MMD_Tool\sdk_2023\frameworks\cinema.framework\source\c4d_libs\lib_browser.h...
    Parsing D:\C4D_MMD_Tool\sdk_2023\frameworks\cinema.framework\source\c4d_libs\lib_clipmap.cpp...
    Parsing D:\C4D_MMD_Tool\sdk_2023\frameworks\cinema.framework\source\c4d_libs\lib_cloud.cpp...
    Parsing D:\C4D_MMD_Tool\sdk_2023\frameworks\cinema.framework\source\c4d_libs\lib_collider.cpp...
    Parsing D:\C4D_MMD_Tool\sdk_2023\frameworks\cinema.framework\source\c4d_libs\lib_colorchooser.cpp...
    Parsing D:\C4D_MMD_Tool\sdk_2023\frameworks\cinema.framework\source\c4d_libs\lib_datetimeparser.cpp...
    Parsing D:\C4D_MMD_Tool\sdk_2023\frameworks\cinema.framework\source\c4d_libs\lib_description.h...
    Parsing D:\C4D_MMD_Tool\sdk_2023\frameworks\cinema.framework\source\c4d_libs\lib_scene_color_converter.cpp...
    Parsing D:\C4D_MMD_Tool\sdk_2023\frameworks\cinema.framework\source\c4d_libs\lib_sculpt.cpp...
    Parsing D:\C4D_MMD_Tool\sdk_2023\frameworks\cinema.framework\source\c4d_libs\lib_snd.cpp...
    Parsing D:\C4D_MMD_Tool\sdk_2023\frameworks\cinema.framework\source\c4d_libs\lib_substance.h...
    Parsing D:\C4D_MMD_Tool\sdk_2023\frameworks\cinema.framework\source\c4d_materialplugin.cpp...
    Parsing D:\C4D_MMD_Tool\sdk_2023\frameworks\cinema.framework\source\c4d_messageplugin.cpp...
    Parsing D:\C4D_MMD_Tool\sdk_2023\frameworks\cinema.framework\source\c4d_network.cpp...
    Parsing D:\C4D_MMD_Tool\sdk_2023\frameworks\cinema.framework\source\c4d_nodeplugin.h...
    Parsing D:\C4D_MMD_Tool\sdk_2023\frameworks\cinema.framework\source\c4d_painter.h...
    Parsing D:\C4D_MMD_Tool\sdk_2023\frameworks\cinema.framework\source\c4d_customgui\customgui_descproperty.cpp...
    Parsing D:\C4D_MMD_Tool\sdk_2023\frameworks\cinema.framework\source\c4d_customgui\customgui_descproperty.h...
    Parsing D:\C4D_MMD_Tool\sdk_2023\frameworks\cinema.framework\source\c4d_customgui\customgui_filename.h...
    Parsing D:\C4D_MMD_Tool\sdk_2023\frameworks\cinema.framework\source\c4d_customgui\customgui_filename_breadcrumb.h...
    Parsing D:\C4D_MMD_Tool\sdk_2023\frameworks\cinema.framework\source\c4d_customgui\customgui_fontchooser.cpp...
    Parsing D:\C4D_MMD_Tool\sdk_2023\frameworks\cinema.framework\source\c4d_customgui\customgui_gradient.cpp...
    Parsing D:\C4D_MMD_Tool\sdk_2023\frameworks\cinema.framework\source\c4d_customgui\customgui_hyperlink.h...
    Parsing D:\C4D_MMD_Tool\sdk_2023\frameworks\cinema.framework\source\c4d_customgui\customgui_kerning.cpp...
    Parsing D:\C4D_MMD_Tool\sdk_2023\frameworks\cinema.framework\source\c4d_customgui\customgui_lensglow.h...
    Parsing D:\C4D_MMD_Tool\sdk_2023\frameworks\cinema.framework\source\c4d_customgui\customgui_linkbox.cpp...
    Parsing D:\C4D_MMD_Tool\sdk_2023\frameworks\cinema.framework\source\c4d_customgui\customgui_linkbox.h...
    Parsing D:\C4D_MMD_Tool\sdk_2023\frameworks\cinema.framework\source\c4d_customgui\customgui_matassign.cpp...
    Parsing D:\C4D_MMD_Tool\sdk_2023\frameworks\cinema.framework\source\c4d_customgui\customgui_movieview.cpp...
    Parsing D:\C4D_MMD_Tool\sdk_2023\frameworks\cinema.framework\source\c4d_customgui\customgui_movieview.h...
    Parsing D:\C4D_MMD_Tool\sdk_2023\frameworks\cinema.framework\source\c4d_customgui\customgui_pla.cpp...
    Parsing D:\C4D_MMD_Tool\sdk_2023\frameworks\cinema.framework\source\c4d_customgui\customgui_previewimage.cpp...
    Parsing D:\C4D_MMD_Tool\sdk_2023\frameworks\cinema.framework\source\c4d_customgui\customgui_previewimage.h...
    Parsing D:\C4D_MMD_Tool\sdk_2023\frameworks\cinema.framework\source\c4d_customgui\customgui_quicktab.h...
    Parsing D:\C4D_MMD_Tool\sdk_2023\frameworks\cinema.framework\source\c4d_customgui\customgui_splinecontrol.h...
    Parsing D:\C4D_MMD_Tool\sdk_2023\frameworks\cinema.framework\source\c4d_filterplugin.h...
    Parsing D:\C4D_MMD_Tool\sdk_2023\frameworks\cinema.framework\source\c4d_general.cpp...
    Parsing D:\C4D_MMD_Tool\sdk_2023\frameworks\cinema.framework\source\c4d_gv\c4d_operatorplugin.cpp...
    Parsing D:\C4D_MMD_Tool\sdk_2023\frameworks\cinema.framework\source\c4d_gv\c4d_particles.cpp...
    Parsing D:\C4D_MMD_Tool\sdk_2023\frameworks\cinema.framework\source\c4d_gv\c4d_particles.h...
    Parsing D:\C4D_MMD_Tool\sdk_2023\frameworks\cinema.framework\source\c4d_libs\lib_hair.h...
    Parsing D:\C4D_MMD_Tool\sdk_2023\frameworks\cinema.framework\source\c4d_materialdata.h...
    Parsing D:\C4D_MMD_Tool\sdk_2023\frameworks\cinema.framework\source\c4d_resource.cpp...
    Parsing D:\C4D_MMD_Tool\sdk_2023\frameworks\cinema.framework\source\c4d_snapplugin.cpp...
    Parsing D:\C4D_MMD_Tool\sdk_2023\frameworks\cinema.framework\source\c4d_thread.cpp...
    Parsing D:\C4D_MMD_Tool\sdk_2023\frameworks\cinema.framework\source\c4d_tools.cpp...
    Parsing D:\C4D_MMD_Tool\sdk_2023\frameworks\cinema.framework\source\c4d_libs\lib_description.cpp...
    Parsing D:\C4D_MMD_Tool\sdk_2023\frameworks\cinema.framework\source\c4d_libs\lib_editortools.h...
    Parsing D:\C4D_MMD_Tool\sdk_2023\frameworks\cinema.framework\source\c4d_libs\lib_iconcollection.h...
    Parsing D:\C4D_MMD_Tool\sdk_2023\frameworks\cinema.framework\source\c4d_libs\lib_layershader.h...
    Parsing D:\C4D_MMD_Tool\sdk_2023\frameworks\cinema.framework\source\c4d_libs\lib_noise.cpp...
    Parsing D:\C4D_MMD_Tool\sdk_2023\frameworks\cinema.framework\source\c4d_libs\lib_paint.h...
    Parsing D:\C4D_MMD_Tool\sdk_2023\frameworks\cinema.framework\source\c4d_libs\lib_py.h...
    Parsing D:\C4D_MMD_Tool\sdk_2023\frameworks\cinema.framework\source\c4d_libs\lib_token.cpp...
    Parsing D:\C4D_MMD_Tool\sdk_2023\frameworks\cinema.framework\source\c4d_libs\lib_viewport.h...
    Parsing D:\C4D_MMD_Tool\sdk_2023\frameworks\cinema.framework\source\c4d_materialplugin.h...
    Parsing D:\C4D_MMD_Tool\sdk_2023\frameworks\cinema.framework\source\c4d_misc\utilities\apibasemath.h...
    Parsing D:\C4D_MMD_Tool\sdk_2023\frameworks\cinema.framework\source\c4d_scenehookplugin.h...
    Parsing D:\C4D_MMD_Tool\sdk_2023\frameworks\cinema.framework\source\c4d_shaderplugin.cpp...
    Parsing D:\C4D_MMD_Tool\sdk_2023\frameworks\cinema.framework\source\c4d_spc.cpp...
    Parsing D:\C4D_MMD_Tool\sdk_2023\frameworks\cinema.framework\source\c4d_string.cpp...
    Parsing D:\C4D_MMD_Tool\sdk_2023\frameworks\cinema.framework\source\c4d_tagplugin.cpp...
    Parsing D:\C4D_MMD_Tool\sdk_2023\frameworks\cinema.framework\source\c4d_tooldata.h...
    Parsing D:\C4D_MMD_Tool\sdk_2023\frameworks\cinema.framework\source\c4d_falloffplugin.cpp...
    Parsing D:\C4D_MMD_Tool\sdk_2023\frameworks\cinema.framework\source\c4d_filterdata.h...
    Parsing D:\C4D_MMD_Tool\sdk_2023\frameworks\cinema.framework\source\c4d_gv\c4d_operatordata.h...
    Parsing D:\C4D_MMD_Tool\sdk_2023\frameworks\cinema.framework\source\c4d_libs\lib_batchrender.h...
    Parsing D:\C4D_MMD_Tool\sdk_2023\frameworks\cinema.framework\source\c4d_libs\lib_clipmap.h...
    Parsing D:\C4D_MMD_Tool\sdk_2023\frameworks\cinema.framework\source\c4d_libs\lib_dwgobjectsdef.h...
    Parsing D:\C4D_MMD_Tool\sdk_2023\frameworks\cinema.framework\source\c4d_libs\lib_filtertree.cpp...
    Parsing D:\C4D_MMD_Tool\sdk_2023\frameworks\cinema.framework\source\c4d_libs\lib_hair.cpp...
    Parsing D:\C4D_MMD_Tool\sdk_2023\frameworks\cinema.framework\source\c4d_libs\lib_modeling.cpp...
    Parsing D:\C4D_MMD_Tool\sdk_2023\frameworks\cinema.framework\source\c4d_libs\lib_paint.cpp...
    Parsing D:\C4D_MMD_Tool\sdk_2023\frameworks\cinema.framework\source\c4d_libs\lib_pictureviewer.cpp...
    Parsing D:\C4D_MMD_Tool\sdk_2023\frameworks\cinema.framework\source\c4d_libs\lib_polygonreduction.cpp...
    Parsing D:\C4D_MMD_Tool\sdk_2023\frameworks\cinema.framework\source\c4d_libs\lib_prefs.h...
    Parsing D:\C4D_MMD_Tool\sdk_2023\frameworks\cinema.framework\source\c4d_libs\lib_sculptbrush.cpp...
    Parsing D:\C4D_MMD_Tool\sdk_2023\frameworks\cinema.framework\source\c4d_libs\lib_volumebuilder.cpp...
    Parsing D:\C4D_MMD_Tool\sdk_2023\frameworks\cinema.framework\source\c4d_libs\lib_volumeset.h...
    Parsing D:\C4D_MMD_Tool\sdk_2023\frameworks\cinema.framework\source\c4d_listview.h...
    Parsing D:\C4D_MMD_Tool\sdk_2023\frameworks\cinema.framework\source\c4d_particleobject.h...
    Parsing D:\C4D_MMD_Tool\sdk_2023\frameworks\cinema.framework\source\c4d_resource.h...
    Parsing D:\C4D_MMD_Tool\sdk_2023\frameworks\cinema.framework\source\c4d_toolplugin.cpp...
    Parsing D:\C4D_MMD_Tool\sdk_2023\frameworks\cinema.framework\source\c4d_videopostplugin.h...
    Parsing D:\C4D_MMD_Tool\sdk_2023\frameworks\cinema.framework\source\gui.h...
    Parsing D:\C4D_MMD_Tool\sdk_2023\frameworks\cinema.framework\source\_unity0.cpp...
    Parsing D:\C4D_MMD_Tool\sdk_2023\frameworks\cinema.framework\source\c4d.h...
    Parsing D:\C4D_MMD_Tool\sdk_2023\frameworks\cinema.framework\source\c4d_basebitmap.cpp...
    Parsing D:\C4D_MMD_Tool\sdk_2023\frameworks\cinema.framework\source\c4d_basebitmap.h...
    Parsing D:\C4D_MMD_Tool\sdk_2023\frameworks\cinema.framework\source\c4d_basedraw.cpp...
    Parsing D:\C4D_MMD_Tool\sdk_2023\frameworks\cinema.framework\source\c4d_baseeffectordata.h...
    Parsing D:\C4D_MMD_Tool\sdk_2023\frameworks\cinema.framework\source\c4d_basematerial.h...
    Parsing D:\C4D_MMD_Tool\sdk_2023\frameworks\cinema.framework\source\c4d_baseplugin.h...
    Parsing D:\C4D_MMD_Tool\sdk_2023\frameworks\cinema.framework\source\c4d_basetag.cpp...
    Parsing D:\C4D_MMD_Tool\sdk_2023\frameworks\cinema.framework\source\c4d_basetime.cpp...
    Parsing D:\C4D_MMD_Tool\sdk_2023\frameworks\cinema.framework\source\c4d_bitmapfilter.cpp...
    Parsing D:\C4D_MMD_Tool\sdk_2023\frameworks\cinema.framework\source\c4d_bitmapfilter.h...
    Parsing D:\C4D_MMD_Tool\sdk_2023\frameworks\cinema.framework\source\c4d_canimation.cpp...
    Parsing D:\C4D_MMD_Tool\sdk_2023\frameworks\cinema.framework\source\c4d_colors.h...
    Parsing D:\C4D_MMD_Tool\sdk_2023\frameworks\cinema.framework\source\c4d_commandplugin.h...
    Parsing D:\C4D_MMD_Tool\sdk_2023\frameworks\cinema.framework\source\c4d_ctrackplugin.cpp...
    Parsing D:\C4D_MMD_Tool\sdk_2023\frameworks\cinema.framework\source\c4d_ctrackplugin.h...
    Parsing D:\C4D_MMD_Tool\sdk_2023\frameworks\cinema.framework\source\c4d_customdatatype.h...
    Parsing D:\C4D_MMD_Tool\sdk_2023\frameworks\cinema.framework\source\c4d_customgui\customgui_fontchooser.h...
    Parsing D:\C4D_MMD_Tool\sdk_2023\frameworks\cinema.framework\source\c4d_customgui\customgui_hyperlink.cpp...
    Parsing D:\C4D_MMD_Tool\sdk_2023\frameworks\cinema.framework\source\c4d_customgui\customgui_inexclude.cpp...
    Parsing D:\C4D_MMD_Tool\sdk_2023\frameworks\cinema.framework\source\c4d_customgui\customgui_itemtree.h...
    Parsing D:\C4D_MMD_Tool\sdk_2023\frameworks\cinema.framework\source\c4d_customgui\customgui_listview.cpp...
    Parsing D:\C4D_MMD_Tool\sdk_2023\frameworks\cinema.framework\source\c4d_customgui\customgui_splinecontrol.cpp...
    Parsing D:\C4D_MMD_Tool\sdk_2023\frameworks\cinema.framework\source\c4d_customgui\customgui_texturemanager.cpp...
    Parsing D:\C4D_MMD_Tool\sdk_2023\frameworks\cinema.framework\source\c4d_customgui\customgui_texturename.h...
    Parsing D:\C4D_MMD_Tool\sdk_2023\frameworks\cinema.framework\source\c4d_customgui\customgui_vector2d.h...
    Parsing D:\C4D_MMD_Tool\sdk_2023\frameworks\cinema.framework\source\c4d_customguidata.h...
    Parsing D:\C4D_MMD_Tool\sdk_2023\frameworks\cinema.framework\source\c4d_fieldplugin.cpp...
    Parsing D:\C4D_MMD_Tool\sdk_2023\frameworks\cinema.framework\source\c4d_fieldplugin.h...
    Parsing D:\C4D_MMD_Tool\sdk_2023\frameworks\cinema.framework\source\c4d_gv\_unity2.cpp...
    Parsing D:\C4D_MMD_Tool\sdk_2023\frameworks\cinema.framework\source\c4d_gv\c4d_graphview.cpp...
    Parsing D:\C4D_MMD_Tool\sdk_2023\frameworks\cinema.framework\source\c4d_gv\c4d_graphview.h...
    Parsing D:\C4D_MMD_Tool\sdk_2023\frameworks\cinema.framework\source\c4d_libs\lib_takesystem.h...
    Parsing D:\C4D_MMD_Tool\sdk_2023\frameworks\cinema.framework\source\c4d_snapdata.h...
    Parsing D:\C4D_MMD_Tool\sdk_2023\frameworks\cinema.framework\source\x4d_filter.h...
    Parsing D:\C4D_MMD_Tool\sdk_2023\frameworks\cinema.framework\source\c4d_gv\c4d_graphview_enum.h...
    Parsing D:\C4D_MMD_Tool\sdk_2023\frameworks\cinema.framework\source\c4d_gv\c4d_operatorplugin.h...
    Parsing D:\C4D_MMD_Tool\sdk_2023\frameworks\cinema.framework\source\c4d_library.cpp...
    Parsing D:\C4D_MMD_Tool\sdk_2023\frameworks\cinema.framework\source\c4d_library.h...
    Parsing D:\C4D_MMD_Tool\sdk_2023\frameworks\cinema.framework\source\c4d_libs\lib_activeobjectmanager.h...
    Parsing D:\C4D_MMD_Tool\sdk_2023\frameworks\cinema.framework\source\c4d_libs\lib_birender.h...
    Parsing D:\C4D_MMD_Tool\sdk_2023\frameworks\cinema.framework\source\c4d_libs\lib_cloud.h...
    Parsing D:\C4D_MMD_Tool\sdk_2023\frameworks\cinema.framework\source\c4d_libs\lib_customdatatag.h...
    Parsing D:\C4D_MMD_Tool\sdk_2023\frameworks\cinema.framework\source\c4d_libs\lib_iconcollection.cpp...
    Parsing D:\C4D_MMD_Tool\sdk_2023\frameworks\cinema.framework\source\c4d_libs\lib_intersect.cpp...
    Parsing D:\C4D_MMD_Tool\sdk_2023\frameworks\cinema.framework\source\c4d_libs\lib_lodobject.h...
    Parsing D:\C4D_MMD_Tool\sdk_2023\frameworks\cinema.framework\source\c4d_libs\lib_noise.h...
    Parsing D:\C4D_MMD_Tool\sdk_2023\frameworks\cinema.framework\source\c4d_libs\lib_py.cpp...
    Parsing D:\C4D_MMD_Tool\sdk_2023\frameworks\cinema.framework\source\c4d_libs\lib_takesystem.cpp...
    Parsing D:\C4D_MMD_Tool\sdk_2023\frameworks\cinema.framework\source\c4d_libs\lib_volumebuilder.h...
    Parsing D:\C4D_MMD_Tool\sdk_2023\frameworks\cinema.framework\source\c4d_motiontransfer.cpp...
    Parsing D:\C4D_MMD_Tool\sdk_2023\frameworks\cinema.framework\source\c4d_nodeplugin.cpp...
    Parsing D:\C4D_MMD_Tool\sdk_2023\frameworks\cinema.framework\source\c4d_painter.cpp...
    Parsing D:\C4D_MMD_Tool\sdk_2023\frameworks\cinema.framework\source\c4d_quaternion.h...
    Parsing D:\C4D_MMD_Tool\sdk_2023\frameworks\cinema.framework\source\c4d_string.h...
    Parsing D:\C4D_MMD_Tool\sdk_2023\frameworks\cinema.framework\source\c4d_customgui\customgui_listview2.cpp...
    Parsing D:\C4D_MMD_Tool\sdk_2023\frameworks\cinema.framework\source\c4d_customgui\customgui_longlat.h...
    Parsing D:\C4D_MMD_Tool\sdk_2023\frameworks\cinema.framework\source\c4d_customgui\customgui_matpreview.h...
    Parsing D:\C4D_MMD_Tool\sdk_2023\frameworks\cinema.framework\source\c4d_falloffplugin.h...
    Parsing D:\C4D_MMD_Tool\sdk_2023\frameworks\cinema.framework\source\c4d_file.h...
    Parsing D:\C4D_MMD_Tool\sdk_2023\frameworks\cinema.framework\source\c4d_libs\lib_customdatatag.cpp...
    Parsing D:\C4D_MMD_Tool\sdk_2023\frameworks\cinema.framework\source\c4d_libs\lib_datetimeparser.h...
    Parsing D:\C4D_MMD_Tool\sdk_2023\frameworks\cinema.framework\source\c4d_libs\lib_dwgobjects.cpp...
    Parsing D:\C4D_MMD_Tool\sdk_2023\frameworks\cinema.framework\source\c4d_libs\lib_instanceobject.cpp...
    Parsing D:\C4D_MMD_Tool\sdk_2023\frameworks\cinema.framework\source\c4d_libs\lib_layershader.cpp...
    Parsing D:\C4D_MMD_Tool\sdk_2023\frameworks\cinema.framework\source\c4d_libs\lib_lodobject.cpp...
    Parsing D:\C4D_MMD_Tool\sdk_2023\frameworks\cinema.framework\source\c4d_libs\lib_motiontracker.h...
    Parsing D:\C4D_MMD_Tool\sdk_2023\frameworks\cinema.framework\source\c4d_libs\lib_prefs.cpp...
    Parsing D:\C4D_MMD_Tool\sdk_2023\frameworks\cinema.framework\source\c4d_libs\lib_regexpr.cpp...
    Parsing D:\C4D_MMD_Tool\sdk_2023\frameworks\cinema.framework\source\c4d_libs\lib_regexpr.h...
    Parsing D:\C4D_MMD_Tool\sdk_2023\frameworks\cinema.framework\source\c4d_libs\lib_sds.cpp...
    Parsing D:\C4D_MMD_Tool\sdk_2023\frameworks\cinema.framework\source\c4d_libs\lib_selectionchanger.cpp...
    Parsing D:\C4D_MMD_Tool\sdk_2023\frameworks\cinema.framework\source\c4d_libs\lib_selectionchanger.h...
    Parsing D:\C4D_MMD_Tool\sdk_2023\frameworks\cinema.framework\source\c4d_libs\lib_splinehelp.h...
    Parsing D:\C4D_MMD_Tool\sdk_2023\frameworks\cinema.framework\source\c4d_objectplugin.cpp...
    Parsing D:\C4D_MMD_Tool\sdk_2023\frameworks\cinema.framework\source\c4d_pmain.h...
    Parsing D:\C4D_MMD_Tool\sdk_2023\frameworks\cinema.framework\source\c4d_quaternion.cpp...
    Parsing D:\C4D_MMD_Tool\sdk_2023\frameworks\cinema.framework\source\c4d_shader.h...
    Parsing D:\C4D_MMD_Tool\sdk_2023\frameworks\cinema.framework\source\c4d_basedata.h...
    Parsing D:\C4D_MMD_Tool\sdk_2023\frameworks\cinema.framework\source\c4d_basedocument.cpp...
    Parsing D:\C4D_MMD_Tool\sdk_2023\frameworks\cinema.framework\source\c4d_basedraw.h...
    Parsing D:\C4D_MMD_Tool\sdk_2023\frameworks\cinema.framework\source\c4d_canimation.h...
    Parsing D:\C4D_MMD_Tool\sdk_2023\frameworks\cinema.framework\source\c4d_customgui\customgui_htmlviewer.cpp...
    Parsing D:\C4D_MMD_Tool\sdk_2023\frameworks\cinema.framework\source\c4d_customgui\customgui_iconchooser.cpp...
    Parsing D:\C4D_MMD_Tool\sdk_2023\frameworks\cinema.framework\source\c4d_customgui\customgui_iconchooser.h...
    Parsing D:\C4D_MMD_Tool\sdk_2023\frameworks\cinema.framework\source\c4d_customgui\customgui_itemtree.cpp...
    Parsing D:\C4D_MMD_Tool\sdk_2023\frameworks\cinema.framework\source\c4d_customgui\customgui_kerning.h...
    Parsing D:\C4D_MMD_Tool\sdk_2023\frameworks\cinema.framework\source\c4d_customgui\customgui_texturemanager.h...
    Parsing D:\C4D_MMD_Tool\sdk_2023\frameworks\cinema.framework\source\c4d_customgui\customgui_unitscale.h...
    Parsing D:\C4D_MMD_Tool\sdk_2023\frameworks\cinema.framework\source\c4d_descriptiondialog.h...
    Parsing D:\C4D_MMD_Tool\sdk_2023\frameworks\cinema.framework\source\c4d_file.cpp...
    Parsing D:\C4D_MMD_Tool\sdk_2023\frameworks\cinema.framework\source\c4d_gui.cpp...
    Parsing D:\C4D_MMD_Tool\sdk_2023\frameworks\cinema.framework\source\c4d_libs\lib_collider.h...
    Parsing D:\C4D_MMD_Tool\sdk_2023\frameworks\cinema.framework\source\c4d_libs\lib_editortools.cpp...
    Parsing D:\C4D_MMD_Tool\sdk_2023\frameworks\cinema.framework\source\c4d_libs\lib_filtertree.h...
    Parsing D:\C4D_MMD_Tool\sdk_2023\frameworks\cinema.framework\source\c4d_libs\lib_intersect.h...
    Parsing D:\C4D_MMD_Tool\sdk_2023\frameworks\cinema.framework\source\c4d_libs\lib_net.h...
    Parsing D:\C4D_MMD_Tool\sdk_2023\frameworks\cinema.framework\source\c4d_libs\lib_substance.cpp...
    Parsing D:\C4D_MMD_Tool\sdk_2023\frameworks\cinema.framework\source\c4d_libs\lib_tlmarker.cpp...
    Parsing D:\C4D_MMD_Tool\sdk_2023\frameworks\cinema.framework\source\c4d_libs\lib_tlmarker.h...
    Parsing D:\C4D_MMD_Tool\sdk_2023\frameworks\cinema.framework\source\c4d_libs\lib_volumeobject.cpp...
    Parsing D:\C4D_MMD_Tool\sdk_2023\frameworks\cinema.framework\source\c4d_libs\lib_volumeobject.h...
    Parsing D:\C4D_MMD_Tool\sdk_2023\frameworks\cinema.framework\source\c4d_libs\lib_voronoifracture.h...
    Parsing D:\C4D_MMD_Tool\sdk_2023\frameworks\cinema.framework\source\c4d_messageplugin.h...
    Parsing D:\C4D_MMD_Tool\sdk_2023\frameworks\cinema.framework\source\c4d_network.h...
    Parsing D:\C4D_MMD_Tool\sdk_2023\frameworks\cinema.framework\source\c4d_pmain.cpp...
    Parsing D:\C4D_MMD_Tool\sdk_2023\frameworks\cinema.framework\source\c4d_raytrace.h...
    Parsing D:\C4D_MMD_Tool\sdk_2023\frameworks\cinema.framework\source\c4d_baseobject.h...
    Parsing D:\C4D_MMD_Tool\sdk_2023\frameworks\cinema.framework\source\c4d_filterplugin.cpp...
    Parsing D:\C4D_MMD_Tool\sdk_2023\frameworks\cinema.framework\source\c4d_gedata.cpp...
    Parsing D:\C4D_MMD_Tool\sdk_2023\frameworks\cinema.framework\source\c4d_gedata.h...
    Parsing D:\C4D_MMD_Tool\sdk_2023\frameworks\cinema.framework\source\c4d_help.cpp...
    Parsing D:\C4D_MMD_Tool\sdk_2023\frameworks\cinema.framework\source\c4d_help.h...
    Parsing D:\C4D_MMD_Tool\sdk_2023\frameworks\cinema.framework\source\c4d_includes.h...
    Parsing D:\C4D_MMD_Tool\sdk_2023\frameworks\cinema.framework\source\c4d_libs\_unity3.cpp...
    Parsing D:\C4D_MMD_Tool\sdk_2023\frameworks\cinema.framework\source\c4d_libs\lib_activeobjectmanager.cpp...
    Parsing D:\C4D_MMD_Tool\sdk_2023\frameworks\cinema.framework\source\c4d_libs\lib_aes.cpp...
    Parsing D:\C4D_MMD_Tool\sdk_2023\frameworks\cinema.framework\source\c4d_libs\lib_aes.h...
    Parsing D:\C4D_MMD_Tool\sdk_2023\frameworks\cinema.framework\source\c4d_libs\lib_batchrender.cpp...
    Parsing D:\C4D_MMD_Tool\sdk_2023\frameworks\cinema.framework\source\c4d_libs\lib_birender.cpp...
    Parsing D:\C4D_MMD_Tool\sdk_2023\frameworks\cinema.framework\source\c4d_libs\lib_ca.h...
    Parsing D:\C4D_MMD_Tool\sdk_2023\frameworks\cinema.framework\source\c4d_libs\lib_zipfile.cpp...
    Parsing D:\C4D_MMD_Tool\sdk_2023\frameworks\cinema.framework\source\c4d_messagedata.h...
    Parsing D:\C4D_MMD_Tool\sdk_2023\frameworks\cinema.framework\source\c4d_nodedata.h...
    Parsing D:\C4D_MMD_Tool\sdk_2023\frameworks\cinema.framework\source\c4d_tagplugin.h...
    Parsing D:\C4D_MMD_Tool\sdk_2023\frameworks\cinema.framework\source\c4d_toolplugin.h...
    Parsing D:\C4D_MMD_Tool\sdk_2023\frameworks\cinema.framework\source\c4d_videopostdata.h...
    Parsing D:\C4D_MMD_Tool\sdk_2023\frameworks\cinema.framework\source\c4d_libs\lib_motiontracker.cpp...
    Parsing D:\C4D_MMD_Tool\sdk_2023\frameworks\cinema.framework\source\c4d_libs\lib_ngon.cpp...
    Parsing D:\C4D_MMD_Tool\sdk_2023\frameworks\cinema.framework\source\c4d_libs\lib_pictureviewer.h...
    Parsing D:\C4D_MMD_Tool\sdk_2023\frameworks\cinema.framework\source\c4d_libs\lib_polygonreduction.h...
    Parsing D:\C4D_MMD_Tool\sdk_2023\frameworks\cinema.framework\source\c4d_libs\lib_sculptbrush.h...
    Parsing D:\C4D_MMD_Tool\sdk_2023\frameworks\cinema.framework\source\c4d_baselinkarray.h...
    Parsing D:\C4D_MMD_Tool\sdk_2023\frameworks\cinema.framework\source\c4d_baselist.h...
    Parsing D:\C4D_MMD_Tool\sdk_2023\frameworks\cinema.framework\source\c4d_customgui\customgui_priority.h...
    Parsing D:\C4D_MMD_Tool\sdk_2023\frameworks\cinema.framework\source\c4d_customgui\customgui_soundeffector.h...
    Parsing D:\C4D_MMD_Tool\sdk_2023\frameworks\cinema.framework\source\c4d_fielddata.h...
    Parsing D:\C4D_MMD_Tool\sdk_2023\frameworks\cinema.framework\source\c4d_libs\lib_browser.cpp...
    Parsing D:\C4D_MMD_Tool\sdk_2023\frameworks\cinema.framework\source\c4d_libs\lib_ca.cpp...
    Parsing D:\C4D_MMD_Tool\sdk_2023\frameworks\cinema.framework\source\c4d_libs\lib_colorchooser.h...
    Parsing D:\C4D_MMD_Tool\sdk_2023\frameworks\cinema.framework\source\c4d_libs\lib_net.cpp...
    Parsing D:\C4D_MMD_Tool\sdk_2023\frameworks\cinema.framework\source\c4d_libs\lib_sculpt.h...
    Parsing D:\C4D_MMD_Tool\sdk_2023\frameworks\cinema.framework\source\c4d_shaderplugin.h...
    Parsing D:\C4D_MMD_Tool\sdk_2023\frameworks\cinema.framework\source\c4d_spc.h...
    Parsing D:\C4D_MMD_Tool\sdk_2023\frameworks\cinema.framework\source\c4d_tools.h...
    Parsing D:\C4D_MMD_Tool\sdk_2023\frameworks\cinema.framework\source\c4d_libs\lib_voronoifracture.cpp...
    Parsing D:\C4D_MMD_Tool\sdk_2023\frameworks\cinema.framework\source\c4d_libs\sdkreferenceobjectptr.h...
    Parsing D:\C4D_MMD_Tool\sdk_2023\frameworks\cinema.framework\source\c4d_motiontransfer.h...
    Parsing D:\C4D_MMD_Tool\sdk_2023\frameworks\cinema.framework\source\c4d_reflection.cpp...
    Parsing D:\C4D_MMD_Tool\sdk_2023\frameworks\cinema.framework\source\c4d_reflection.h...
    Parsing D:\C4D_MMD_Tool\sdk_2023\frameworks\cinema.framework\source\c4d_tagdata.h...
    Parsing D:\C4D_MMD_Tool\sdk_2023\frameworks\cinema.framework\source\c4d_videopost.h...
    Parsing D:\C4D_MMD_Tool\sdk_2023\frameworks\cinema.framework\source\ge_prepass.h...
    Parsing D:\C4D_MMD_Tool\sdk_2023\frameworks\cinema.framework\source\c4d_libs\lib_scene_color_converter.h...
    Parsing D:\C4D_MMD_Tool\sdk_2023\frameworks\cinema.framework\source\c4d_libs\lib_sds.h...
    Parsing D:\C4D_MMD_Tool\sdk_2023\frameworks\cinema.framework\source\c4d_libs\lib_snd.h...
    Parsing D:\C4D_MMD_Tool\sdk_2023\frameworks\cinema.framework\source\c4d_libs\lib_token.h...
    Parsing D:\C4D_MMD_Tool\sdk_2023\frameworks\cinema.framework\source\c4d_listview.cpp...
    Parsing D:\C4D_MMD_Tool\sdk_2023\frameworks\cinema.framework\source\c4d_memory.cpp...
    Parsing D:\C4D_MMD_Tool\sdk_2023\frameworks\cinema.framework\source\c4d_memory.h...
    Parsing D:\C4D_MMD_Tool\sdk_2023\frameworks\cinema.framework\source\c4d_objectdata.h...
    Parsing D:\C4D_MMD_Tool\sdk_2023\frameworks\cinema.framework\source\ge_autoptr.h...
    Parsing D:\C4D_MMD_Tool\sdk_2023\frameworks\cinema.framework\source\operatingsystem.h...
  Loading generator module cppgenerator from ..\..\..\frameworks\settings\sourceprocessor\generators\cppgenerator.py...
  Loading generator module dumpgenerator from ..\..\..\frameworks\settings\sourceprocessor\generators\dumpgenerator.py...
  Loading generator module phgenerator from ..\..\..\frameworks\settings\sourceprocessor\generators\phgenerator.py...
  Loading generator module summarygenerator from ..\..\..\frameworks\settings\sourceprocessor\generators\summarygenerator.py...
  Looking for source files in D:\C4D_MMD_Tool\sdk_2023\frameworks\cinema.framework...
  register.cpp
  c4d_basebitmap.cpp
  c4d_basechannel.cpp
  c4d_basecontainer.cpp
  c4d_basedocument.cpp
  c4d_basedraw.cpp
  c4d_baseeffectorplugin.cpp
  c4d_baselist.cpp
  c4d_basematerial.cpp
  c4d_baseobject.cpp
  c4d_baseplugin.cpp
  c4d_baseselect.cpp
  c4d_basesound.cpp
  c4d_basetag.cpp
  c4d_basetime.cpp
  c4d_bitmapfilter.cpp
  c4d_canimation.cpp
  c4d_commandplugin.cpp
  c4d_ctrackplugin.cpp
  c4d_customdatatype.cpp
  customgui_base.cpp
  customgui_bitmapbutton.cpp
  customgui_datetime.cpp
  customgui_descproperty.cpp
  customgui_description.cpp
  customgui_field.cpp
  customgui_fontchooser.cpp
  customgui_gradient.cpp
  customgui_htmlviewer.cpp
  customgui_hyperlink.cpp
  customgui_iconchooser.cpp
  customgui_inexclude.cpp
  customgui_itemtree.cpp
  customgui_kerning.cpp
  customgui_linkbox.cpp
  customgui_listview.cpp
  customgui_listview2.cpp
  customgui_matassign.cpp
  customgui_matpreview.cpp
  customgui_movieview.cpp
  customgui_pla.cpp
  customgui_previewimage.cpp
  customgui_priority.cpp
  customgui_quicktab.cpp
  customgui_range.cpp
  customgui_soundeffector.cpp
  customgui_splinecontrol.cpp
  customgui_texbox.cpp
  customgui_texturemanager.cpp
  customgui_unitscale.cpp
  c4d_customguidata.cpp
  c4d_customguiplugin.cpp
  c4d_descriptiondialog.cpp
  c4d_falloffplugin.cpp
  c4d_fielddata.cpp
  c4d_fieldplugin.cpp
  c4d_file.cpp
  c4d_filterplugin.cpp
  c4d_gedata.cpp
  c4d_general.cpp
  c4d_gui.cpp
  c4d_graphview.cpp
  c4d_operatorplugin.cpp
  c4d_particles.cpp
  c4d_help.cpp
  c4d_library.cpp
  lib_activeobjectmanager.cpp
  lib_aes.cpp
  lib_batchrender.cpp
  lib_birender.cpp
  lib_browser.cpp
  lib_ca.cpp
  lib_clipmap.cpp
  lib_cloud.cpp
  lib_collider.cpp
  lib_colorchooser.cpp
  lib_customdatatag.cpp
  lib_datetimeparser.cpp
  lib_description.cpp
  lib_dwgobjects.cpp
  lib_editortools.cpp
  lib_filtertree.cpp
  lib_hair.cpp
  lib_iconcollection.cpp
  lib_instanceobject.cpp
  lib_intersect.cpp
  lib_layershader.cpp
  lib_lodobject.cpp
  lib_modeling.cpp
  lib_motiontracker.cpp
  lib_net.cpp
  lib_ngon.cpp
  lib_noise.cpp
  lib_paint.cpp
  lib_pictureviewer.cpp
  lib_polygonreduction.cpp
  lib_prefs.cpp
  lib_py.cpp
  lib_regexpr.cpp
  lib_scene_color_converter.cpp
  lib_sculpt.cpp
  lib_sculptbrush.cpp
  lib_sds.cpp
  lib_selectionchanger.cpp
  lib_snd.cpp
  lib_splinehelp.cpp
  lib_substance.cpp
  lib_takesystem.cpp
  lib_tlmarker.cpp
  lib_token.cpp
  lib_viewport.cpp
  lib_volumebuilder.cpp
  lib_volumeobject.cpp
  lib_voronoifracture.cpp
  lib_zipfile.cpp
  c4d_listview.cpp
  c4d_materialplugin.cpp
  c4d_memory.cpp
  c4d_messageplugin.cpp
  c4d_motiontransfer.cpp
  c4d_network.cpp
  c4d_nodeplugin.cpp
  c4d_objectplugin.cpp
  c4d_painter.cpp
  c4d_particleobject.cpp
  c4d_pmain.cpp
  c4d_quaternion.cpp
  c4d_reflection.cpp
  c4d_resource.cpp
  c4d_scenehookplugin.cpp
  c4d_shaderplugin.cpp
  c4d_snapplugin.cpp
  c4d_spc.cpp
  c4d_string.cpp
  c4d_tagplugin.cpp
  c4d_thread.cpp
  c4d_toolplugin.cpp
  c4d_tools.cpp
  c4d_videopost.cpp
  c4d_videopostplugin.cpp
  ge_ieee.cpp
  operatingsystem.cpp
  cinema.framework.vcxproj -> D:\C4D_MMD_Tool\sdk_2023\plugins\project\_obj\cinema.framework\x64_Debug\cinema.framework_Debug_64bit.lib
