  Source processor
    Parsing D:\C4D_MMD_Tool\sdk_2023\frameworks\python.framework\source\maxon\cpython3_raw.h...
    Parsing D:\C4D_MMD_Tool\sdk_2023\frameworks\python.framework\source\maxon\cpython_c4d.h...
    Parsing D:\C4D_MMD_Tool\sdk_2023\frameworks\python.framework\source\maxon\cpython_raw.h...
    Parsing D:\C4D_MMD_Tool\sdk_2023\frameworks\python.framework\source\maxon\cpython_ref.cpp...
    Parsing D:\C4D_MMD_Tool\sdk_2023\frameworks\python.framework\source\maxon\cpython_ref.h...
    Parsing D:\C4D_MMD_Tool\sdk_2023\frameworks\python.framework\source\maxon\vm.h...
    Parsing D:\C4D_MMD_Tool\sdk_2023\frameworks\python.framework\source\maxon\code_exchange.h...
    Parsing D:\C4D_MMD_Tool\sdk_2023\frameworks\python.framework\source\maxon\cpython.cpp...
    Parsing D:\C4D_MMD_Tool\sdk_2023\frameworks\python.framework\source\maxon\cpython.h...
    Parsing D:\C4D_MMD_Tool\sdk_2023\frameworks\python.framework\source\maxon\cpython3_raw.h...
    Parsing D:\C4D_MMD_Tool\sdk_2023\frameworks\python.framework\source\maxon\cpython_c4d.h...
    Parsing D:\C4D_MMD_Tool\sdk_2023\frameworks\python.framework\source\maxon\cpython_raw.h...
    Parsing D:\C4D_MMD_Tool\sdk_2023\frameworks\python.framework\source\maxon\cpython_ref.cpp...
    Parsing D:\C4D_MMD_Tool\sdk_2023\frameworks\python.framework\source\maxon\cpython_ref.h...
    Parsing D:\C4D_MMD_Tool\sdk_2023\frameworks\python.framework\source\maxon\vm.h...
    Parsing D:\C4D_MMD_Tool\sdk_2023\frameworks\python.framework\source\maxon\code_exchange.h...
    Parsing D:\C4D_MMD_Tool\sdk_2023\frameworks\python.framework\source\maxon\cpython.cpp...
    Parsing D:\C4D_MMD_Tool\sdk_2023\frameworks\python.framework\source\maxon\cpython.h...
  Loading generator module cppgenerator from ..\..\..\frameworks\settings\sourceprocessor\generators\cppgenerator.py...
  Loading generator module dumpgenerator from ..\..\..\frameworks\settings\sourceprocessor\generators\dumpgenerator.py...
  Loading generator module phgenerator from ..\..\..\frameworks\settings\sourceprocessor\generators\phgenerator.py...
  Loading generator module summarygenerator from ..\..\..\frameworks\settings\sourceprocessor\generators\summarygenerator.py...
  Looking for source files in D:\C4D_MMD_Tool\sdk_2023\frameworks\python.framework...
  Summary information changed, redoing source file processing.
  Looking for source files in D:\C4D_MMD_Tool\sdk_2023\frameworks\python.framework...
  register.cpp
  cpython.cpp
  cpython_ref.cpp
  python.framework.vcxproj -> D:\C4D_MMD_Tool\sdk_2023\plugins\project\_obj\python.framework\x64_Debug\python.framework_Debug_64bit.lib
