  Source processor
    Parsing D:\C4D_MMD_Tool\sdk_2023\frameworks\mesh_misc.framework\source\maxon\distancequery.h...
    Parsing D:\C4D_MMD_Tool\sdk_2023\frameworks\mesh_misc.framework\source\maxon\mesh_attribute_base.cpp...
    Parsing D:\C4D_MMD_Tool\sdk_2023\frameworks\mesh_misc.framework\source\maxon\mesh_attribute_base.h...
    Parsing D:\C4D_MMD_Tool\sdk_2023\frameworks\mesh_misc.framework\source\maxon\mesh_attribute_utilities.h...
    Parsing D:\C4D_MMD_Tool\sdk_2023\frameworks\mesh_misc.framework\source\maxon\polygroup_tag.h...
    Parsing D:\C4D_MMD_Tool\sdk_2023\frameworks\mesh_misc.framework\source\maxon\vertexwrapper.h...
    Parsing D:\C4D_MMD_Tool\sdk_2023\frameworks\mesh_misc.framework\source\maxon\voxelization.h...
    Parsing D:\C4D_MMD_Tool\sdk_2023\frameworks\mesh_misc.framework\source\maxon\distancequery.h...
    Parsing D:\C4D_MMD_Tool\sdk_2023\frameworks\mesh_misc.framework\source\maxon\mesh_attribute_base.cpp...
    Parsing D:\C4D_MMD_Tool\sdk_2023\frameworks\mesh_misc.framework\source\maxon\mesh_attribute_base.h...
    Parsing D:\C4D_MMD_Tool\sdk_2023\frameworks\mesh_misc.framework\source\maxon\mesh_attribute_utilities.h...
    Parsing D:\C4D_MMD_Tool\sdk_2023\frameworks\mesh_misc.framework\source\maxon\polygroup_tag.h...
    Parsing D:\C4D_MMD_Tool\sdk_2023\frameworks\mesh_misc.framework\source\maxon\vertexwrapper.h...
    Parsing D:\C4D_MMD_Tool\sdk_2023\frameworks\mesh_misc.framework\source\maxon\voxelization.h...
  Loading generator module cppgenerator from ..\..\..\frameworks\settings\sourceprocessor\generators\cppgenerator.py...
  Loading generator module dumpgenerator from ..\..\..\frameworks\settings\sourceprocessor\generators\dumpgenerator.py...
  Loading generator module phgenerator from ..\..\..\frameworks\settings\sourceprocessor\generators\phgenerator.py...
  Loading generator module summarygenerator from ..\..\..\frameworks\settings\sourceprocessor\generators\summarygenerator.py...
  Looking for source files in D:\C4D_MMD_Tool\sdk_2023\frameworks\mesh_misc.framework...
  Summary information changed, redoing source file processing.
  Looking for source files in D:\C4D_MMD_Tool\sdk_2023\frameworks\mesh_misc.framework...
  register.cpp
  mesh_attribute_base.cpp
  mesh_misc.framework.vcxproj -> D:\C4D_MMD_Tool\sdk_2023\plugins\project\_obj\mesh_misc.framework\x64_Debug\mesh_misc.framework_Debug_64bit.lib
