  Source processor
    Parsing D:\C4D_MMD_Tool\sdk_2023\frameworks\math.framework\source\maxon\apibasemath_extension.h...
    Parsing D:\C4D_MMD_Tool\sdk_2023\frameworks\math.framework\source\maxon\big_integer.h...
    Parsing D:\C4D_MMD_Tool\sdk_2023\frameworks\math.framework\source\maxon\fraction.h...
    Parsing D:\C4D_MMD_Tool\sdk_2023\frameworks\math.framework\source\maxon\generic_dispatch.h...
    Parsing D:\C4D_MMD_Tool\sdk_2023\frameworks\math.framework\source\maxon\gradientmath.h...
    Parsing D:\C4D_MMD_Tool\sdk_2023\frameworks\math.framework\source\maxon\polynomsolver.h...
    Parsing D:\C4D_MMD_Tool\sdk_2023\frameworks\math.framework\source\maxon\sse_math.h...
    Parsing D:\C4D_MMD_Tool\sdk_2023\frameworks\math.framework\source\maxon\complex.h...
    Parsing D:\C4D_MMD_Tool\sdk_2023\frameworks\math.framework\source\maxon\gradient.h...
    Parsing D:\C4D_MMD_Tool\sdk_2023\frameworks\math.framework\source\maxon\kdtree.h...
    Parsing D:\C4D_MMD_Tool\sdk_2023\frameworks\math.framework\source\maxon\matrix_prs.h...
    Parsing D:\C4D_MMD_Tool\sdk_2023\frameworks\math.framework\source\maxon\scalar_extension.h...
    Parsing D:\C4D_MMD_Tool\sdk_2023\frameworks\math.framework\source\maxon\splinemapper.h...
    Parsing D:\C4D_MMD_Tool\sdk_2023\frameworks\math.framework\source\maxon\NURBSCurve.cpp...
    Parsing D:\C4D_MMD_Tool\sdk_2023\frameworks\math.framework\source\maxon\NURBSCurve.h...
    Parsing D:\C4D_MMD_Tool\sdk_2023\frameworks\math.framework\source\maxon\NURBSMath.cpp...
    Parsing D:\C4D_MMD_Tool\sdk_2023\frameworks\math.framework\source\maxon\NURBSMath.h...
    Parsing D:\C4D_MMD_Tool\sdk_2023\frameworks\math.framework\source\maxon\blend_animation.cpp...
    Parsing D:\C4D_MMD_Tool\sdk_2023\frameworks\math.framework\source\maxon\blend_animation.h...
    Parsing D:\C4D_MMD_Tool\sdk_2023\frameworks\math.framework\source\maxon\blend_function.h...
    Parsing D:\C4D_MMD_Tool\sdk_2023\frameworks\math.framework\source\maxon\fft.h...
    Parsing D:\C4D_MMD_Tool\sdk_2023\frameworks\math.framework\source\maxon\kdtree.cpp...
    Parsing D:\C4D_MMD_Tool\sdk_2023\frameworks\math.framework\source\maxon\matrix_nxm.h...
    Parsing D:\C4D_MMD_Tool\sdk_2023\frameworks\math.framework\source\maxon\matrix_prs.cpp...
    Parsing D:\C4D_MMD_Tool\sdk_2023\frameworks\math.framework\source\maxon\quaternion.h...
    Parsing D:\C4D_MMD_Tool\sdk_2023\frameworks\math.framework\source\maxon\noise.h...
    Parsing D:\C4D_MMD_Tool\sdk_2023\frameworks\math.framework\source\maxon\fft.h...
    Parsing D:\C4D_MMD_Tool\sdk_2023\frameworks\math.framework\source\maxon\gradient.h...
    Parsing D:\C4D_MMD_Tool\sdk_2023\frameworks\math.framework\source\maxon\kdtree.h...
    Parsing D:\C4D_MMD_Tool\sdk_2023\frameworks\math.framework\source\maxon\scalar_extension.h...
    Parsing D:\C4D_MMD_Tool\sdk_2023\frameworks\math.framework\source\maxon\sse_math.h...
    Parsing D:\C4D_MMD_Tool\sdk_2023\frameworks\math.framework\source\maxon\apibasemath_extension.h...
    Parsing D:\C4D_MMD_Tool\sdk_2023\frameworks\math.framework\source\maxon\big_integer.h...
    Parsing D:\C4D_MMD_Tool\sdk_2023\frameworks\math.framework\source\maxon\fraction.h...
    Parsing D:\C4D_MMD_Tool\sdk_2023\frameworks\math.framework\source\maxon\generic_dispatch.h...
    Parsing D:\C4D_MMD_Tool\sdk_2023\frameworks\math.framework\source\maxon\kdtree.cpp...
    Parsing D:\C4D_MMD_Tool\sdk_2023\frameworks\math.framework\source\maxon\matrix_nxm.h...
    Parsing D:\C4D_MMD_Tool\sdk_2023\frameworks\math.framework\source\maxon\matrix_prs.cpp...
    Parsing D:\C4D_MMD_Tool\sdk_2023\frameworks\math.framework\source\maxon\quaternion.h...
    Parsing D:\C4D_MMD_Tool\sdk_2023\frameworks\math.framework\source\maxon\NURBSCurve.cpp...
    Parsing D:\C4D_MMD_Tool\sdk_2023\frameworks\math.framework\source\maxon\NURBSCurve.h...
    Parsing D:\C4D_MMD_Tool\sdk_2023\frameworks\math.framework\source\maxon\NURBSMath.cpp...
    Parsing D:\C4D_MMD_Tool\sdk_2023\frameworks\math.framework\source\maxon\NURBSMath.h...
    Parsing D:\C4D_MMD_Tool\sdk_2023\frameworks\math.framework\source\maxon\blend_animation.cpp...
    Parsing D:\C4D_MMD_Tool\sdk_2023\frameworks\math.framework\source\maxon\blend_animation.h...
    Parsing D:\C4D_MMD_Tool\sdk_2023\frameworks\math.framework\source\maxon\blend_function.h...
    Parsing D:\C4D_MMD_Tool\sdk_2023\frameworks\math.framework\source\maxon\complex.h...
    Parsing D:\C4D_MMD_Tool\sdk_2023\frameworks\math.framework\source\maxon\gradientmath.h...
    Parsing D:\C4D_MMD_Tool\sdk_2023\frameworks\math.framework\source\maxon\matrix_prs.h...
    Parsing D:\C4D_MMD_Tool\sdk_2023\frameworks\math.framework\source\maxon\polynomsolver.h...
    Parsing D:\C4D_MMD_Tool\sdk_2023\frameworks\math.framework\source\maxon\splinemapper.h...
    Parsing D:\C4D_MMD_Tool\sdk_2023\frameworks\math.framework\source\maxon\noise.h...
  Loading generator module cppgenerator from ..\..\..\frameworks\settings\sourceprocessor\generators\cppgenerator.py...
  Loading generator module dumpgenerator from ..\..\..\frameworks\settings\sourceprocessor\generators\dumpgenerator.py...
  Loading generator module phgenerator from ..\..\..\frameworks\settings\sourceprocessor\generators\phgenerator.py...
  Loading generator module summarygenerator from ..\..\..\frameworks\settings\sourceprocessor\generators\summarygenerator.py...
  Looking for source files in D:\C4D_MMD_Tool\sdk_2023\frameworks\math.framework...
  Summary information changed, redoing source file processing.
  Looking for source files in D:\C4D_MMD_Tool\sdk_2023\frameworks\math.framework...
  register.cpp
  NURBSCurve.cpp
  NURBSMath.cpp
  blend_animation.cpp
  kdtree.cpp
  matrix_prs.cpp
  math.framework.vcxproj -> D:\C4D_MMD_Tool\sdk_2023\plugins\project\_obj\math.framework\x64_Debug\math.framework_Debug_64bit.lib
