  Source processor
    Parsing D:\C4D_MMD_Tool\sdk_2023\frameworks\crypt.framework\source\maxon\cryptography_ssh.h...
    Parsing D:\C4D_MMD_Tool\sdk_2023\frameworks\crypt.framework\source\maxon\cryptography_ssl.h...
    Parsing D:\C4D_MMD_Tool\sdk_2023\frameworks\crypt.framework\source\maxon\fileformat_zip.h...
    Parsing D:\C4D_MMD_Tool\sdk_2023\frameworks\crypt.framework\source\maxon\cryptography.h...
    Parsing D:\C4D_MMD_Tool\sdk_2023\frameworks\crypt.framework\source\maxon\cryptography_hash.cpp...
    Parsing D:\C4D_MMD_Tool\sdk_2023\frameworks\crypt.framework\source\maxon\cryptography_hash.h...
    Parsing D:\C4D_MMD_Tool\sdk_2023\frameworks\crypt.framework\source\maxon\cryptography_key.cpp...
    Parsing D:\C4D_MMD_Tool\sdk_2023\frameworks\crypt.framework\source\maxon\cryptography_key.h...
    Parsing D:\C4D_MMD_Tool\sdk_2023\frameworks\crypt.framework\source\maxon\datacompression.h...
    Parsing D:\C4D_MMD_Tool\sdk_2023\frameworks\crypt.framework\source\maxon\cryptography.h...
    Parsing D:\C4D_MMD_Tool\sdk_2023\frameworks\crypt.framework\source\maxon\cryptography_hash.cpp...
    Parsing D:\C4D_MMD_Tool\sdk_2023\frameworks\crypt.framework\source\maxon\cryptography_hash.h...
    Parsing D:\C4D_MMD_Tool\sdk_2023\frameworks\crypt.framework\source\maxon\cryptography_key.cpp...
    Parsing D:\C4D_MMD_Tool\sdk_2023\frameworks\crypt.framework\source\maxon\cryptography_key.h...
    Parsing D:\C4D_MMD_Tool\sdk_2023\frameworks\crypt.framework\source\maxon\cryptography_ssh.h...
    Parsing D:\C4D_MMD_Tool\sdk_2023\frameworks\crypt.framework\source\maxon\cryptography_ssl.h...
    Parsing D:\C4D_MMD_Tool\sdk_2023\frameworks\crypt.framework\source\maxon\datacompression.h...
    Parsing D:\C4D_MMD_Tool\sdk_2023\frameworks\crypt.framework\source\maxon\fileformat_zip.h...
  Loading generator module cppgenerator from ..\..\..\frameworks\settings\sourceprocessor\generators\cppgenerator.py...
  Loading generator module dumpgenerator from ..\..\..\frameworks\settings\sourceprocessor\generators\dumpgenerator.py...
  Loading generator module phgenerator from ..\..\..\frameworks\settings\sourceprocessor\generators\phgenerator.py...
  Loading generator module summarygenerator from ..\..\..\frameworks\settings\sourceprocessor\generators\summarygenerator.py...
  Looking for source files in D:\C4D_MMD_Tool\sdk_2023\frameworks\crypt.framework...
  Summary information changed, redoing source file processing.
  Looking for source files in D:\C4D_MMD_Tool\sdk_2023\frameworks\crypt.framework...
  register.cpp
  cryptography_hash.cpp
  cryptography_key.cpp
  crypt.framework.vcxproj -> D:\C4D_MMD_Tool\sdk_2023\plugins\project\_obj\crypt.framework\x64_Debug\crypt.framework_Debug_64bit.lib
